<?xml version="1.0" encoding="UTF-8"?>
<testsuite name="com.unicorn.lifesub.member.test.integration.repository.MemberRepositoryIntegrationTest" tests="4" skipped="0" failures="0" errors="0" timestamp="2025-02-17T17:28:04" hostname="DREAMONDAL" time="0.532">
  <properties/>
  <testcase name="회원 저장 및 조회 테스트" classname="com.unicorn.lifesub.member.test.integration.repository.MemberRepositoryIntegrationTest" time="0.477"/>
  <testcase name="회원 정보 업데이트 테스트" classname="com.unicorn.lifesub.member.test.integration.repository.MemberRepositoryIntegrationTest" time="0.021"/>
  <testcase name="존재하지 않는 회원 조회 테스트" classname="com.unicorn.lifesub.member.test.integration.repository.MemberRepositoryIntegrationTest" time="0.005"/>
  <testcase name="회원 삭제 테스트" classname="com.unicorn.lifesub.member.test.integration.repository.MemberRepositoryIntegrationTest" time="0.026"/>
  <system-out><![CDATA[02:27:59.968 [Test worker] INFO org.springframework.test.context.support.AnnotationConfigContextLoaderUtils -- Could not detect default configuration classes for test class [com.unicorn.lifesub.member.test.integration.repository.MemberRepositoryIntegrationTest]: MemberRepositoryIntegrationTest does not declare any static, non-private, non-final, nested classes annotated with @Configuration.
02:28:00.081 [Test worker] INFO org.springframework.boot.test.context.SpringBootTestContextBootstrapper -- Found @SpringBootConfiguration com.unicorn.lifesub.member.MemberApplication for test class com.unicorn.lifesub.member.test.integration.repository.MemberRepositoryIntegrationTest
02:28:00.138 [Test worker] INFO org.testcontainers.images.PullPolicy -- Image pull policy will be performed by: DefaultPullPolicy()
02:28:00.141 [Test worker] INFO org.testcontainers.utility.ImageNameSubstitutor -- Image name substitution will be performed by: DefaultImageNameSubstitutor (composite of 'ConfigurationFileImageNameSubstitutor' and 'PrefixingImageNameSubstitutor')
02:28:00.151 [Test worker] INFO org.testcontainers.DockerClientFactory -- Testcontainers version: 1.20.4
02:28:00.273 [Test worker] INFO org.testcontainers.dockerclient.DockerClientProviderStrategy -- Loaded org.testcontainers.dockerclient.NpipeSocketClientProviderStrategy from ~/.testcontainers.properties, will try it first
02:28:00.452 [Test worker] INFO org.testcontainers.dockerclient.DockerClientProviderStrategy -- Found Docker environment with local Npipe socket (npipe:////./pipe/docker_engine)
02:28:00.453 [Test worker] INFO org.testcontainers.DockerClientFactory -- Docker host IP address is localhost
02:28:00.462 [Test worker] INFO org.testcontainers.DockerClientFactory -- Connected to docker: 
  Server Version: 27.5.1
  API Version: 1.47
  Operating System: Docker Desktop
  Total Memory: 15853 MB
  Labels: 
    com.docker.desktop.address=npipe://\\.\pipe\docker_cli
02:28:00.480 [Test worker] INFO tc.testcontainers/ryuk:0.11.0 -- Creating container for image: testcontainers/ryuk:0.11.0
02:28:00.741 [Test worker] INFO tc.testcontainers/ryuk:0.11.0 -- Container testcontainers/ryuk:0.11.0 is starting: af4d186af4cbfe1d0d30753362a2bf24572792c8e589b8df67813f10ffe5b50f
02:28:01.263 [Test worker] INFO tc.testcontainers/ryuk:0.11.0 -- Container testcontainers/ryuk:0.11.0 started in PT0.782733S
02:28:01.268 [Test worker] INFO org.testcontainers.utility.RyukResourceReaper -- Ryuk started - will monitor and terminate Testcontainers containers on JVM exit
02:28:01.268 [Test worker] INFO org.testcontainers.DockerClientFactory -- Checking the system...
02:28:01.268 [Test worker] INFO org.testcontainers.DockerClientFactory -- ✔︎ Docker server version should be at least 1.6.0
02:28:01.269 [Test worker] INFO tc.postgres:13.2-alpine -- Creating container for image: postgres:13.2-alpine
02:28:01.351 [Test worker] INFO tc.postgres:13.2-alpine -- Container postgres:13.2-alpine is starting: 0ece64614a1debd27110fa0b02401c9784cd1c3ef47e8b2ea47fde5b492a9f92
02:28:02.643 [Test worker] INFO tc.postgres:13.2-alpine -- Container postgres:13.2-alpine started in PT1.3749008S
02:28:02.644 [Test worker] INFO tc.postgres:13.2-alpine -- Container is started (JDBC URL: jdbc:postgresql://localhost:55768/member?loggerLevel=OFF)

  .   ____          _            __ _ _
 /\\ / ___'_ __ _ _(_)_ __  __ _ \ \ \ \
( ( )\___ | '_ | '_| | '_ \/ _` | \ \ \ \
 \\/  ___)| |_)| | | | | || (_| |  ) ) ) )
  '  |____| .__|_| |_|_| |_\__, | / / / /
 =========|_|==============|___/=/_/_/_/

 :: Spring Boot ::                (v3.4.0)

2025-02-18T02:28:02.912+09:00  INFO 34704 --- [member-service] [    Test worker] .m.t.i.r.MemberRepositoryIntegrationTest : Starting MemberRepositoryIntegrationTest using Java 23.0.2 with PID 34704 (started by hiond in C:\home\workspace\lifesub\member)
2025-02-18T02:28:02.913+09:00 DEBUG 34704 --- [member-service] [    Test worker] .m.t.i.r.MemberRepositoryIntegrationTest : Running with Spring Boot v3.4.0, Spring v6.2.0
2025-02-18T02:28:02.913+09:00  INFO 34704 --- [member-service] [    Test worker] .m.t.i.r.MemberRepositoryIntegrationTest : The following 1 profile is active: "integration-test"
2025-02-18T02:28:03.220+09:00  INFO 34704 --- [member-service] [    Test worker] .s.d.r.c.RepositoryConfigurationDelegate : Bootstrapping Spring Data JPA repositories in DEFAULT mode.
2025-02-18T02:28:03.315+09:00  INFO 34704 --- [member-service] [    Test worker] .s.d.r.c.RepositoryConfigurationDelegate : Finished Spring Data repository scanning in 87 ms. Found 1 JPA repository interface.
2025-02-18T02:28:03.550+09:00  INFO 34704 --- [member-service] [    Test worker] o.hibernate.jpa.internal.util.LogHelper  : HHH000204: Processing PersistenceUnitInfo [name: default]
2025-02-18T02:28:03.585+09:00  INFO 34704 --- [member-service] [    Test worker] org.hibernate.Version                    : HHH000412: Hibernate ORM core version 6.6.2.Final
2025-02-18T02:28:03.600+09:00  INFO 34704 --- [member-service] [    Test worker] o.h.c.internal.RegionFactoryInitiator    : HHH000026: Second-level cache disabled
2025-02-18T02:28:03.781+09:00  INFO 34704 --- [member-service] [    Test worker] o.s.o.j.p.SpringPersistenceUnitInfo      : No LoadTimeWeaver setup: ignoring JPA class transformer
2025-02-18T02:28:03.801+09:00  INFO 34704 --- [member-service] [    Test worker] com.zaxxer.hikari.HikariDataSource       : HikariPool-1 - Starting...
2025-02-18T02:28:03.863+09:00  INFO 34704 --- [member-service] [    Test worker] com.zaxxer.hikari.pool.HikariPool        : HikariPool-1 - Added connection org.postgresql.jdbc.PgConnection@644e6a8e
2025-02-18T02:28:03.865+09:00  INFO 34704 --- [member-service] [    Test worker] com.zaxxer.hikari.HikariDataSource       : HikariPool-1 - Start completed.
2025-02-18T02:28:03.884+09:00  WARN 34704 --- [member-service] [    Test worker] org.hibernate.orm.deprecation            : HHH90000025: PostgreSQLDialect does not need to be specified explicitly using 'hibernate.dialect' (remove the property setting and it will be selected by default)
2025-02-18T02:28:03.905+09:00  INFO 34704 --- [member-service] [    Test worker] org.hibernate.orm.connections.pooling    : HHH10001005: Database info:
	Database JDBC URL [Connecting through datasource 'HikariDataSource (HikariPool-1)']
	Database driver: undefined/unknown
	Database version: 13.2
	Autocommit mode: undefined/unknown
	Isolation level: undefined/unknown
	Minimum pool size: undefined/unknown
	Maximum pool size: undefined/unknown
2025-02-18T02:28:04.461+09:00  INFO 34704 --- [member-service] [    Test worker] o.h.e.t.j.p.i.JtaPlatformInitiator       : HHH000489: No JTA platform available (set 'hibernate.transaction.jta.platform' to enable JTA platform integration)
2025-02-18T02:28:04.509+09:00 DEBUG 34704 --- [member-service] [    Test worker] org.hibernate.SQL                        : 
    create table member_roles (
        user_id varchar(255) not null,
        role varchar(255)
    )
Hibernate: 
    create table member_roles (
        user_id varchar(255) not null,
        role varchar(255)
    )
2025-02-18T02:28:04.513+09:00 DEBUG 34704 --- [member-service] [    Test worker] org.hibernate.SQL                        : 
    create table members (
        user_id varchar(255) not null,
        created_at timestamp(6),
        updated_at timestamp(6),
        password varchar(255) not null,
        user_name varchar(255) not null,
        primary key (user_id)
    )
Hibernate: 
    create table members (
        user_id varchar(255) not null,
        created_at timestamp(6),
        updated_at timestamp(6),
        password varchar(255) not null,
        user_name varchar(255) not null,
        primary key (user_id)
    )
2025-02-18T02:28:04.517+09:00 DEBUG 34704 --- [member-service] [    Test worker] org.hibernate.SQL                        : 
    alter table if exists member_roles 
       add constraint FKkrahbaoj05n0hyabejnnrmft 
       foreign key (user_id) 
       references members
Hibernate: 
    alter table if exists member_roles 
       add constraint FKkrahbaoj05n0hyabejnnrmft 
       foreign key (user_id) 
       references members
2025-02-18T02:28:04.522+09:00  INFO 34704 --- [member-service] [    Test worker] j.LocalContainerEntityManagerFactoryBean : Initialized JPA EntityManagerFactory for persistence unit 'default'
2025-02-18T02:28:04.836+09:00  INFO 34704 --- [member-service] [    Test worker] .m.t.i.r.MemberRepositoryIntegrationTest : Started MemberRepositoryIntegrationTest in 2.166 seconds (process running for 5.526)
2025-02-18T02:28:05.185+09:00 DEBUG 34704 --- [member-service] [    Test worker] org.hibernate.SQL                        : 
    insert 
    into
        members
        (created_at, password, updated_at, user_name, user_id) 
    values
        (?, ?, ?, ?, ?)
Hibernate: 
    insert 
    into
        members
        (created_at, password, updated_at, user_name, user_id) 
    values
        (?, ?, ?, ?, ?)
2025-02-18T02:28:05.193+09:00 DEBUG 34704 --- [member-service] [    Test worker] org.hibernate.SQL                        : 
    insert 
    into
        member_roles
        (user_id, role) 
    values
        (?, ?)
Hibernate: 
    insert 
    into
        member_roles
        (user_id, role) 
    values
        (?, ?)
2025-02-18T02:28:05.256+09:00 DEBUG 34704 --- [member-service] [    Test worker] org.hibernate.SQL                        : 
    select
        me1_0.user_id,
        me1_0.created_at,
        me1_0.password,
        me1_0.updated_at,
        me1_0.user_name 
    from
        members me1_0 
    where
        me1_0.user_id=?
Hibernate: 
    select
        me1_0.user_id,
        me1_0.created_at,
        me1_0.password,
        me1_0.updated_at,
        me1_0.user_name 
    from
        members me1_0 
    where
        me1_0.user_id=?
2025-02-18T02:28:05.274+09:00 DEBUG 34704 --- [member-service] [    Test worker] org.hibernate.SQL                        : 
    select
        r1_0.user_id,
        r1_0.role 
    from
        member_roles r1_0 
    where
        r1_0.user_id=?
Hibernate: 
    select
        r1_0.user_id,
        r1_0.role 
    from
        member_roles r1_0 
    where
        r1_0.user_id=?
2025-02-18T02:28:05.327+09:00 DEBUG 34704 --- [member-service] [    Test worker] org.hibernate.SQL                        : 
    insert 
    into
        members
        (created_at, password, updated_at, user_name, user_id) 
    values
        (?, ?, ?, ?, ?)
Hibernate: 
    insert 
    into
        members
        (created_at, password, updated_at, user_name, user_id) 
    values
        (?, ?, ?, ?, ?)
2025-02-18T02:28:05.329+09:00 DEBUG 34704 --- [member-service] [    Test worker] org.hibernate.SQL                        : 
    insert 
    into
        member_roles
        (user_id, role) 
    values
        (?, ?)
Hibernate: 
    insert 
    into
        member_roles
        (user_id, role) 
    values
        (?, ?)
2025-02-18T02:28:05.332+09:00 DEBUG 34704 --- [member-service] [    Test worker] org.hibernate.SQL                        : 
    select
        me1_0.user_id,
        me1_0.created_at,
        me1_0.password,
        me1_0.updated_at,
        me1_0.user_name 
    from
        members me1_0 
    where
        me1_0.user_id=?
Hibernate: 
    select
        me1_0.user_id,
        me1_0.created_at,
        me1_0.password,
        me1_0.updated_at,
        me1_0.user_name 
    from
        members me1_0 
    where
        me1_0.user_id=?
2025-02-18T02:28:05.333+09:00 DEBUG 34704 --- [member-service] [    Test worker] org.hibernate.SQL                        : 
    select
        r1_0.user_id,
        r1_0.role 
    from
        member_roles r1_0 
    where
        r1_0.user_id=?
Hibernate: 
    select
        r1_0.user_id,
        r1_0.role 
    from
        member_roles r1_0 
    where
        r1_0.user_id=?
2025-02-18T02:28:05.337+09:00 DEBUG 34704 --- [member-service] [    Test worker] org.hibernate.SQL                        : 
    update
        members 
    set
        created_at=?,
        password=?,
        updated_at=?,
        user_name=? 
    where
        user_id=?
Hibernate: 
    update
        members 
    set
        created_at=?,
        password=?,
        updated_at=?,
        user_name=? 
    where
        user_id=?
2025-02-18T02:28:05.341+09:00 DEBUG 34704 --- [member-service] [    Test worker] org.hibernate.SQL                        : 
    select
        me1_0.user_id,
        me1_0.created_at,
        me1_0.password,
        me1_0.updated_at,
        me1_0.user_name 
    from
        members me1_0 
    where
        me1_0.user_id=?
Hibernate: 
    select
        me1_0.user_id,
        me1_0.created_at,
        me1_0.password,
        me1_0.updated_at,
        me1_0.user_name 
    from
        members me1_0 
    where
        me1_0.user_id=?
2025-02-18T02:28:05.342+09:00 DEBUG 34704 --- [member-service] [    Test worker] org.hibernate.SQL                        : 
    select
        r1_0.user_id,
        r1_0.role 
    from
        member_roles r1_0 
    where
        r1_0.user_id=?
Hibernate: 
    select
        r1_0.user_id,
        r1_0.role 
    from
        member_roles r1_0 
    where
        r1_0.user_id=?
2025-02-18T02:28:05.348+09:00 DEBUG 34704 --- [member-service] [    Test worker] org.hibernate.SQL                        : 
    select
        me1_0.user_id,
        me1_0.created_at,
        me1_0.password,
        me1_0.updated_at,
        me1_0.user_name 
    from
        members me1_0 
    where
        me1_0.user_id=?
Hibernate: 
    select
        me1_0.user_id,
        me1_0.created_at,
        me1_0.password,
        me1_0.updated_at,
        me1_0.user_name 
    from
        members me1_0 
    where
        me1_0.user_id=?
2025-02-18T02:28:05.354+09:00 DEBUG 34704 --- [member-service] [    Test worker] org.hibernate.SQL                        : 
    insert 
    into
        members
        (created_at, password, updated_at, user_name, user_id) 
    values
        (?, ?, ?, ?, ?)
Hibernate: 
    insert 
    into
        members
        (created_at, password, updated_at, user_name, user_id) 
    values
        (?, ?, ?, ?, ?)
2025-02-18T02:28:05.356+09:00 DEBUG 34704 --- [member-service] [    Test worker] org.hibernate.SQL                        : 
    insert 
    into
        member_roles
        (user_id, role) 
    values
        (?, ?)
Hibernate: 
    insert 
    into
        member_roles
        (user_id, role) 
    values
        (?, ?)
2025-02-18T02:28:05.358+09:00 DEBUG 34704 --- [member-service] [    Test worker] org.hibernate.SQL                        : 
    select
        me1_0.user_id,
        me1_0.created_at,
        me1_0.password,
        me1_0.updated_at,
        me1_0.user_name 
    from
        members me1_0 
    where
        me1_0.user_id=?
Hibernate: 
    select
        me1_0.user_id,
        me1_0.created_at,
        me1_0.password,
        me1_0.updated_at,
        me1_0.user_name 
    from
        members me1_0 
    where
        me1_0.user_id=?
2025-02-18T02:28:05.360+09:00 DEBUG 34704 --- [member-service] [    Test worker] org.hibernate.SQL                        : 
    select
        r1_0.user_id,
        r1_0.role 
    from
        member_roles r1_0 
    where
        r1_0.user_id=?
Hibernate: 
    select
        r1_0.user_id,
        r1_0.role 
    from
        member_roles r1_0 
    where
        r1_0.user_id=?
2025-02-18T02:28:05.370+09:00 DEBUG 34704 --- [member-service] [    Test worker] org.hibernate.SQL                        : 
    delete 
    from
        member_roles 
    where
        user_id=?
Hibernate: 
    delete 
    from
        member_roles 
    where
        user_id=?
2025-02-18T02:28:05.372+09:00 DEBUG 34704 --- [member-service] [    Test worker] org.hibernate.SQL                        : 
    delete 
    from
        members 
    where
        user_id=?
Hibernate: 
    delete 
    from
        members 
    where
        user_id=?
2025-02-18T02:28:05.375+09:00 DEBUG 34704 --- [member-service] [    Test worker] org.hibernate.SQL                        : 
    select
        me1_0.user_id,
        me1_0.created_at,
        me1_0.password,
        me1_0.updated_at,
        me1_0.user_name 
    from
        members me1_0 
    where
        me1_0.user_id=?
Hibernate: 
    select
        me1_0.user_id,
        me1_0.created_at,
        me1_0.password,
        me1_0.updated_at,
        me1_0.user_name 
    from
        members me1_0 
    where
        me1_0.user_id=?
]]></system-out>
  <system-err><![CDATA[Mockito is currently self-attaching to enable the inline-mock-maker. This will no longer work in future releases of the JDK. Please add Mockito as an agent to your build what is described in Mockito's documentation: https://javadoc.io/doc/org.mockito/mockito-core/latest/org/mockito/Mockito.html#0.3
WARNING: A Java agent has been loaded dynamically (C:\Users\hiond\.gradle\caches\modules-2\files-2.1\net.bytebuddy\byte-buddy-agent\1.15.10\e8eb255b2c378b9a6c7341e7b0e12f0a5636377\byte-buddy-agent-1.15.10.jar)
WARNING: If a serviceability tool is in use, please run with -XX:+EnableDynamicAgentLoading to hide this warning
WARNING: If a serviceability tool is not in use, please run with -Djdk.instrument.traceUsage for more information
WARNING: Dynamic loading of agents will be disallowed by default in a future release
]]></system-err>
</testsuite>
